<?xml version="1.0" encoding="UTF-8"?>
<!-- Generated by org.testng.reporters.JUnitReportReporter -->
<testsuite hostname="LT004996" failures="0" tests="1" name="SMECSPRegression.CheckDashboardTabs" time="15.538" errors="0" timestamp="2020-02-28T11:52:50 GMT" skipped="0">
  <testcase classname="SMECSPRegression.CheckDashboardTabs" name="CheckDashboard" time="15.538"/>
</testsuite> <!-- SMECSPRegression.CheckDashboardTabs -->
