<?xml version="1.0" encoding="UTF-8"?>
<!-- Generated by org.testng.reporters.JUnitReportReporter -->
<testsuite hostname="LT004996" failures="0" tests="1" name="SMECSPRegression.LoginToCSP" time="16.627" errors="0" timestamp="2020-02-28T11:52:50 GMT" skipped="0">
  <testcase classname="SMECSPRegression.LoginToCSP" name="LoginSME" time="16.627"/>
</testsuite> <!-- SMECSPRegression.LoginToCSP -->
