<?xml version="1.0" encoding="UTF-8"?>
<!-- Generated by org.testng.reporters.JUnitReportReporter -->
<testsuite hostname="LT004996" failures="0" tests="1" name="SMECSPRegression.InvalidEmailCheck" time="7.328" errors="0" timestamp="2020-02-28T11:52:50 GMT" skipped="0">
  <testcase classname="SMECSPRegression.InvalidEmailCheck" name="invalidEmail" time="7.328"/>
</testsuite> <!-- SMECSPRegression.InvalidEmailCheck -->
